2018-09-26 02:13:45 +0000  Initial pipeline context: <IDEDistributionProcessingPipelineContext: 0x7fa8ce237110; archive(resolved)='<IDEArchive: 0x7fa8cd52a9e0>', distributionTask(resolved)='2', distributionMethod(resolved)='<IDEDistributionMethodAdHoc: 0x7fa8cf7a47d0>', team(resolved)='<IDEProvisioningBasicTeam: 0x7fa8cec17e10; teamID='NNBV4F5M7H', teamName='James Bradbury'>'>
	Chain (11, self inclusive):
	<IDEDistributionProcessingPipelineContext: 0x7fa8ce237110; archive = '<IDEArchive: 0x7fa8cd52a9e0>', distributionMethod='<IDEDistributionMethodAdHoc: 0x7fa8cf7a47d0>', team='<IDEProvisioningBasicTeam: 0x7fa8cec17e10; teamID='NNBV4F5M7H', teamName='James Bradbury'>'>
	<IDEDistributionProcessingPipelineContext: 0x7fa8b2d44fa0; archive = '<IDEArchive: 0x7fa8cd52a9e0>', distributionMethod='<IDEDistributionMethodAdHoc: 0x7fa8cf7a47d0>', team='<IDEProvisioningBasicTeam: 0x7fa8cec17e10; teamID='NNBV4F5M7H', teamName='James Bradbury'>'>
	<IDEDistributionContext: 0x7fa8cee37850; archive = '<IDEArchive: 0x7fa8cd52a9e0>', distributionMethod='<IDEDistributionMethodAdHoc: 0x7fa8cf7a47d0>', team='<IDEProvisioningBasicTeam: 0x7fa8cec17e10; teamID='NNBV4F5M7H', teamName='James Bradbury'>'>
	<IDEDistributionContext: 0x7fa8b6b5d760; archive = '<IDEArchive: 0x7fa8cd52a9e0>', distributionMethod='<IDEDistributionMethodAdHoc: 0x7fa8cf7a47d0>', team='<IDEProvisioningBasicTeam: 0x7fa8cec17e10; teamID='NNBV4F5M7H', teamName='James Bradbury'>'>
	<IDEDistributionContext: 0x7fa8b5837650; archive = '<IDEArchive: 0x7fa8cd52a9e0>', distributionMethod='<IDEDistributionMethodAdHoc: 0x7fa8cf7a47d0>', team='<IDEProvisioningBasicTeam: 0x7fa8cec17e10; teamID='NNBV4F5M7H', teamName='James Bradbury'>'>
	<IDEDistributionContext: 0x7fa8c90ec760; archive = '<IDEArchive: 0x7fa8cd52a9e0>', distributionMethod='<IDEDistributionMethodAdHoc: 0x7fa8cf7a47d0>', team='<IDEProvisioningBasicTeam: 0x7fa8cec17e10; teamID='NNBV4F5M7H', teamName='James Bradbury'>'>
	<IDEDistributionContext: 0x7fa8cd627ab0; archive = '<IDEArchive: 0x7fa8cd52a9e0>', distributionMethod='<IDEDistributionMethodAdHoc: 0x7fa8cf7a47d0>', team='<IDEProvisioningBasicTeam: 0x7fa8cec17e10; teamID='NNBV4F5M7H', teamName='James Bradbury'>'>
	<IDEDistributionContext: 0x7fa8cf2a6470; archive = '<IDEArchive: 0x7fa8cd52a9e0>', distributionMethod='<IDEDistributionMethodAdHoc: 0x7fa8cf7a47d0>', team='<IDEProvisioningBasicTeam: 0x7fa8cec17e10; teamID='NNBV4F5M7H', teamName='James Bradbury'>'>
	<IDEDistributionContext: 0x7fa8cee30fe0; archive = '<IDEArchive: 0x7fa8cd52a9e0>', distributionMethod='<IDEDistributionMethodAdHoc: 0x7fa8cf7a47d0>', team='<IDEProvisioningBasicTeam: 0x7fa8cec17e10; teamID='NNBV4F5M7H', teamName='James Bradbury'>'>
	<IDEDistributionContext: 0x7fa8b735dc80; archive = '<IDEArchive: 0x7fa8cd52a9e0>', distributionMethod='<IDEDistributionMethodAdHoc: 0x7fa8cf7a47d0>', team='(null)'>
	<IDEDistributionContext: 0x7fa8b6b5b9b0; archive = '<IDEArchive: 0x7fa8cd52a9e0>', distributionMethod='(null)', team='(null)'>
</IDEDistributionProcessingPipelineContext: 0x7fa8ce237110>
2018-09-26 02:13:45 +0000  Processing step: IDEDistributionCreateDestRootStep
2018-09-26 02:13:45 +0000  Processing step: IDEDistributionCopyItemStep
2018-09-26 02:13:45 +0000  Running /usr/bin/ditto '-V' '/Users/Jazon/Library/Developer/Xcode/Archives/2018-09-25/Unity-iPhone 9-25-18, 5.25 PM.xcarchive/Products/Applications/MobileApp.app' '/var/folders/xm/54z2rkn13fv3wszpjw28yzg80000gp/T/XcodeDistPipeline.W5m/Root/Payload/MobileApp.app'
2018-09-26 02:13:45 +0000  >>> Copying /Users/Jazon/Library/Developer/Xcode/Archives/2018-09-25/Unity-iPhone 9-25-18, 5.25 PM.xcarchive/Products/Applications/MobileApp.app 
2018-09-26 02:13:45 +0000  copying file ./_CodeSignature/CodeResources ... 
2018-09-26 02:13:45 +0000  20589 bytes for ./_CodeSignature/CodeResources
2018-09-26 02:13:45 +0000  copying file ./LaunchImage-1100-Portrait-2436h@3x.png ... 
2018-09-26 02:13:45 +0000  2656083 bytes for ./LaunchImage-1100-Portrait-2436h@3x.png
copying file ./LaunchImage@2x.png ... 
2018-09-26 02:13:45 +0000  3933 bytes for ./LaunchImage@2x.png
copying file ./MobileApp ... 
2018-09-26 02:13:45 +0000  560012624 bytes for ./MobileApp
copying file ./LaunchImage-568h@2x.png ... 
2018-09-26 02:13:45 +0000  4617 bytes for ./LaunchImage-568h@2x.png
copying file ./AppIcon60x60@2x.png ... 
5599 bytes for ./AppIcon60x60@2x.png
copying file ./LaunchImage-1100-Landscape-2436h@3x.png ... 
2018-09-26 02:13:45 +0000  2763306 bytes for ./LaunchImage-1100-Landscape-2436h@3x.png
copying file ./LaunchImage-800-667h@2x.png ... 
2018-09-26 02:13:45 +0000  1394703 bytes for ./LaunchImage-800-667h@2x.png
copying file ./LaunchImage-Portrait@2x~ipad.png ... 
2018-09-26 02:13:45 +0000  15515 bytes for ./LaunchImage-Portrait@2x~ipad.png
2018-09-26 02:13:45 +0000  copying file ./LaunchImage-Portrait~ipad.png ... 
2018-09-26 02:13:45 +0000  4691 bytes for ./LaunchImage-Portrait~ipad.png
2018-09-26 02:13:45 +0000  copying file ./AppIcon60x60@3x.png ... 
2018-09-26 02:13:45 +0000  10153 bytes for ./AppIcon60x60@3x.png
copying file ./LaunchImage-Landscape~ipad.png ... 
2018-09-26 02:13:45 +0000  4433 bytes for ./LaunchImage-Landscape~ipad.png
2018-09-26 02:13:45 +0000  copying file ./LaunchImage-700-Portrait~ipad.png ... 
2018-09-26 02:13:45 +0000  4691 bytes for ./LaunchImage-700-Portrait~ipad.png
2018-09-26 02:13:45 +0000  copying file ./Assets.car ... 
2018-09-26 02:13:45 +0000  112488 bytes for ./Assets.car
copying file ./AppIcon76x76@2x~ipad.png ... 
2018-09-26 02:13:45 +0000  29476 bytes for ./AppIcon76x76@2x~ipad.png
2018-09-26 02:13:45 +0000  copying file ./LaunchImage-800-Portrait-736h@3x.png ... 
2018-09-26 02:13:45 +0000  3184070 bytes for ./LaunchImage-800-Portrait-736h@3x.png
copying file ./LaunchImage-700@2x.png ... 
2018-09-26 02:13:45 +0000  3933 bytes for ./LaunchImage-700@2x.png
copying file ./AppIcon83.5x83.5@2x~ipad.png ... 
36548 bytes for ./AppIcon83.5x83.5@2x~ipad.png
copying file ./LaunchImage-700-568h@2x.png ... 
2018-09-26 02:13:45 +0000  4617 bytes for ./LaunchImage-700-568h@2x.png
2018-09-26 02:13:45 +0000  copying file ./LaunchImage-Landscape@2x~ipad.png ... 
2018-09-26 02:13:45 +0000  14943 bytes for ./LaunchImage-Landscape@2x~ipad.png
copying file ./LaunchImage-700-Landscape@2x~ipad.png ... 
2018-09-26 02:13:45 +0000  14943 bytes for ./LaunchImage-700-Landscape@2x~ipad.png
2018-09-26 02:13:45 +0000  copying file ./LaunchImage.png ... 
2018-09-26 02:13:45 +0000  246910 bytes for ./LaunchImage.png
2018-09-26 02:13:45 +0000  copying file ./embedded.mobileprovision ... 
2018-09-26 02:13:45 +0000  8106 bytes for ./embedded.mobileprovision
2018-09-26 02:13:45 +0000  copying file ./Data/Managed/SymbolMap-32 ... 
2018-09-26 02:13:45 +0000  2270764 bytes for ./Data/Managed/SymbolMap-32
2018-09-26 02:13:45 +0000  copying file ./Data/Managed/Resources/Newtonsoft.Json.dll-resources.dat ... 
2018-09-26 02:13:45 +0000  639 bytes for ./Data/Managed/Resources/Newtonsoft.Json.dll-resources.dat
copying file ./Data/Managed/Resources/mscorlib.dll-resources.dat ... 
2018-09-26 02:13:45 +0000  372023 bytes for ./Data/Managed/Resources/mscorlib.dll-resources.dat
2018-09-26 02:13:45 +0000  copying file ./Data/Managed/Resources/System.dll-resources.dat ... 
2018-09-26 02:13:45 +0000  54703 bytes for ./Data/Managed/Resources/System.dll-resources.dat
2018-09-26 02:13:45 +0000  copying file ./Data/Managed/mono/2.0/machine.config ... 
2018-09-26 02:13:45 +0000  27625 bytes for ./Data/Managed/mono/2.0/machine.config
2018-09-26 02:13:45 +0000  copying file ./Data/Managed/mono/4.0/machine.config ... 
2018-09-26 02:13:45 +0000  33648 bytes for ./Data/Managed/mono/4.0/machine.config
2018-09-26 02:13:45 +0000  copying file ./Data/Managed/SymbolMap-64 ... 
2018-09-26 02:13:45 +0000  1765240 bytes for ./Data/Managed/SymbolMap-64
2018-09-26 02:13:45 +0000  copying file ./Data/Managed/Metadata/global-metadata.dat ... 
2018-09-26 02:13:45 +0000  8298488 bytes for ./Data/Managed/Metadata/global-metadata.dat
2018-09-26 02:13:45 +0000  copying file ./Data/globalgamemanagers ... 
32896 bytes for ./Data/globalgamemanagers
copying file ./Data/GI/level0/5f/5fe3887eb05f607c7e240829caf3c1a3.iws.neo ... 
37480 bytes for ./Data/GI/level0/5f/5fe3887eb05f607c7e240829caf3c1a3.iws.neo
copying file ./Data/GI/level0/5f/5fe3887eb05f607c7e240829caf3c1a3.rgb ... 
15824 bytes for ./Data/GI/level0/5f/5fe3887eb05f607c7e240829caf3c1a3.rgb
copying file ./Data/GI/level0/5f/5fe3887eb05f607c7e240829caf3c1a3.ecm ... 
15784 bytes for ./Data/GI/level0/5f/5fe3887eb05f607c7e240829caf3c1a3.ecm
copying file ./Data/GI/level0/5f/5fe3887eb05f607c7e240829caf3c1a3.rsc.neo ... 
2018-09-26 02:13:45 +0000  310872 bytes for ./Data/GI/level0/5f/5fe3887eb05f607c7e240829caf3c1a3.rsc.neo
copying file ./Data/GI/level0/5f/5fe3887eb05f607c7e240829caf3c1a3.caw ... 
2018-09-26 02:13:45 +0000  10056 bytes for ./Data/GI/level0/5f/5fe3887eb05f607c7e240829caf3c1a3.caw
copying file ./Data/GI/level0/5f/5fe3887eb05f607c7e240829caf3c1a3.vis ... 
2018-09-26 02:13:45 +0000  14168 bytes for ./Data/GI/level0/5f/5fe3887eb05f607c7e240829caf3c1a3.vis
2018-09-26 02:13:45 +0000  copying file ./Data/GI/level0/19/196ade3b9e723fe25dfdd2c45e49caa1.rgb ... 
2018-09-26 02:13:45 +0000  8880 bytes for ./Data/GI/level0/19/196ade3b9e723fe25dfdd2c45e49caa1.rgb
2018-09-26 02:13:45 +0000  copying file ./Data/GI/level0/19/196ade3b9e723fe25dfdd2c45e49caa1.rsc.neo ... 
2018-09-26 02:13:45 +0000  280248 bytes for ./Data/GI/level0/19/196ade3b9e723fe25dfdd2c45e49caa1.rsc.neo
copying file ./Data/GI/level0/19/196ade3b9e723fe25dfdd2c45e49caa1.vis ... 
2018-09-26 02:13:45 +0000  4646 bytes for ./Data/GI/level0/19/196ade3b9e723fe25dfdd2c45e49caa1.vis
2018-09-26 02:13:45 +0000  copying file ./Data/GI/level0/19/196ade3b9e723fe25dfdd2c45e49caa1.caw ... 
2018-09-26 02:13:45 +0000  1696 bytes for ./Data/GI/level0/19/196ade3b9e723fe25dfdd2c45e49caa1.caw
copying file ./Data/GI/level0/19/196ade3b9e723fe25dfdd2c45e49caa1.ecm ... 
2018-09-26 02:13:45 +0000  8840 bytes for ./Data/GI/level0/19/196ade3b9e723fe25dfdd2c45e49caa1.ecm
2018-09-26 02:13:45 +0000  copying file ./Data/GI/level0/19/196ade3b9e723fe25dfdd2c45e49caa1.iws.neo ... 
2018-09-26 02:13:45 +0000  3912 bytes for ./Data/GI/level0/19/196ade3b9e723fe25dfdd2c45e49caa1.iws.neo
2018-09-26 02:13:45 +0000  copying file ./Data/boot.config ... 
2018-09-26 02:13:45 +0000  55 bytes for ./Data/boot.config
2018-09-26 02:13:45 +0000  copying file ./Data/resources.assets ... 
2018-09-26 02:13:45 +0000  4360 bytes for ./Data/resources.assets
2018-09-26 02:13:45 +0000  copying file ./Data/Resources/unity_builtin_extra ... 
2018-09-26 02:13:45 +0000  754776 bytes for ./Data/Resources/unity_builtin_extra
2018-09-26 02:13:45 +0000  copying file ./Data/unity default resources ... 
2018-09-26 02:13:45 +0000  6133660 bytes for ./Data/unity default resources
copying file ./Data/sharedassets0.assets.resS ... 
2018-09-26 02:13:45 +0000  74190352 bytes for ./Data/sharedassets0.assets.resS
copying file ./Data/sharedassets0.assets ... 
2018-09-26 02:13:45 +0000  7978076 bytes for ./Data/sharedassets0.assets
copying file ./Data/level0.resS ... 
2018-09-26 02:13:45 +0000  2971120 bytes for ./Data/level0.resS
copying file ./Data/level0 ... 
2018-09-26 02:13:45 +0000  385316 bytes for ./Data/level0
copying file ./Data/resources.assets.resS ... 
2018-09-26 02:13:45 +0000  140400 bytes for ./Data/resources.assets.resS
copying file ./Data/globalgamemanagers.assets ... 
2018-09-26 02:13:45 +0000  36468 bytes for ./Data/globalgamemanagers.assets
2018-09-26 02:13:45 +0000  copying file ./LaunchImage-800-Landscape-736h@3x.png ... 
2018-09-26 02:13:45 +0000  3267213 bytes for ./LaunchImage-800-Landscape-736h@3x.png
2018-09-26 02:13:45 +0000  copying file ./LaunchImage-700-Portrait@2x~ipad.png ... 
15515 bytes for ./LaunchImage-700-Portrait@2x~ipad.png
copying file ./LaunchImage-700-Landscape~ipad.png ... 
4433 bytes for ./LaunchImage-700-Landscape~ipad.png
copying file ./Info.plist ... 
2018-09-26 02:13:45 +0000  2374 bytes for ./Info.plist
2018-09-26 02:13:45 +0000  copying file ./PkgInfo ... 
2018-09-26 02:13:45 +0000  8 bytes for ./PkgInfo
copying file ./AppIcon76x76~ipad.png ... 
2018-09-26 02:13:45 +0000  10403 bytes for ./AppIcon76x76~ipad.png
2018-09-26 02:13:45 +0000  
2018-09-26 02:13:45 +0000  2018-09-26 02:13:45 +0000  /usr/bin/ditto exited with 0

2018-09-26 02:13:45 +0000  2018-09-26 02:13:45 +0000  Processing step: IDEDistributionEmbedProfileStep

2018-09-26 02:13:45 +0000  Processing step: IDEDistributionAppThinningPlistStep
2018-09-26 02:13:45 +0000  Skipping step: IDEDistributionAppThinningPlistStep because it said so
2018-09-26 02:13:45 +0000  Processing step: IDEDistributionCompileBitcodeStep
2018-09-26 02:13:45 +0000  Skipping step: IDEDistributionCompileBitcodeStep because it said so
2018-09-26 02:13:45 +0000  Processing step: IDEDistributionCodeSlimmingStep
2018-09-26 02:13:46 +0000  Processing step: IDEDistributionCopyBCSymbolMapsStep
2018-09-26 02:13:46 +0000  Skipping step: IDEDistributionCopyBCSymbolMapsStep because it said so
2018-09-26 02:13:46 +0000  Processing step: IDEDistributionSymbolsStep
2018-09-26 02:13:46 +0000  Skipping step: IDEDistributionSymbolsStep because it said so
2018-09-26 02:13:46 +0000  Processing step: IDEDistributionAppThinningStep
2018-09-26 02:13:46 +0000  Skipping step: IDEDistributionAppThinningStep because it said so
2018-09-26 02:13:46 +0000  Processing step: IDEDistributionODRStep
2018-09-26 02:13:46 +0000  Processing step: IDEDistributionStripXattrsStep
2018-09-26 02:13:46 +0000  Running /usr/bin/xattr '-crs' '/var/folders/xm/54z2rkn13fv3wszpjw28yzg80000gp/T/XcodeDistPipeline.W5m/Root/Payload/MobileApp.app'
2018-09-26 02:13:46 +0000  
2018-09-26 02:13:46 +0000  
2018-09-26 02:13:46 +0000  /usr/bin/xattr exited with 0
2018-09-26 02:13:46 +0000  
2018-09-26 02:13:46 +0000  
2018-09-26 02:13:46 +0000  Processing step: IDEDistributionCodesignStep
2018-09-26 02:13:46 +0000  Entitlements for <IDEDistributionItem: 0x7fa8b4f91170 'com.BlackBoxVR.MobileApp' '<DVTFilePath:0x7fa8c94eccc0:'/Users/Jazon/Library/Developer/Xcode/Archives/2018-09-25/Unity-iPhone 9-25-18, 5.25 PM.xcarchive/Products/Applications/MobileApp.app'>'>: {
    "application-identifier" = "NNBV4F5M7H.com.BlackBoxVR.MobileApp";
    "com.apple.developer.team-identifier" = NNBV4F5M7H;
    "get-task-allow" = 0;
    "keychain-access-groups" =     (
        "NNBV4F5M7H.com.BlackBoxVR.MobileApp"
    );
}
2018-09-26 02:13:46 +0000  Writing entitlements for <IDEDistributionItem: 0x7fa8b4f91170 'com.BlackBoxVR.MobileApp' '<DVTFilePath:0x7fa8c94eccc0:'/Users/Jazon/Library/Developer/Xcode/Archives/2018-09-25/Unity-iPhone 9-25-18, 5.25 PM.xcarchive/Products/Applications/MobileApp.app'>'> to: /var/folders/xm/54z2rkn13fv3wszpjw28yzg80000gp/T/XcodeDistPipeline.W5m/entitlementsg0LJkv
2018-09-26 02:13:46 +0000  Running /usr/bin/codesign '-vvv' '--force' '--sign' 'E9E5CBE4EA1210E8C70E78CBA3CAD946E860EA11' '--preserve-metadata=identifier,flags' '--entitlements' '/var/folders/xm/54z2rkn13fv3wszpjw28yzg80000gp/T/XcodeDistPipeline.W5m/entitlementsg0LJkv' '/var/folders/xm/54z2rkn13fv3wszpjw28yzg80000gp/T/XcodeDistPipeline.W5m/Root/Payload/MobileApp.app'
2018-09-26 02:13:48 +0000  /var/folders/xm/54z2rkn13fv3wszpjw28yzg80000gp/T/XcodeDistPipeline.W5m/Root/Payload/MobileApp.app: signed app bundle with Mach-O universal (armv7 arm64) [com.BlackBoxVR.MobileApp]
2018-09-26 02:13:48 +0000  
2018-09-26 02:13:48 +0000  2018-09-26 02:13:48 +0000  /usr/bin/codesign exited with 0
2018-09-26 02:13:48 +0000  

2018-09-26 02:13:48 +0000  Processing step: IDEDistributionStreamingZipItemStep
2018-09-26 02:13:48 +0000  Skipping step: IDEDistributionStreamingZipItemStep because it said so
2018-09-26 02:13:48 +0000  Processing step: IDEDistributionCreateIPAStep
2018-09-26 02:13:48 +0000  Running /usr/bin/ditto '-V' '-c' '-k' '--norsrc' '/var/folders/xm/54z2rkn13fv3wszpjw28yzg80000gp/T/XcodeDistPipeline.W5m/Root' '/var/folders/xm/54z2rkn13fv3wszpjw28yzg80000gp/T/XcodeDistPipeline.W5m/Packages/Unity-iPhone.ipa'
2018-09-26 02:13:48 +0000  >>> Copying /var/folders/xm/54z2rkn13fv3wszpjw28yzg80000gp/T/XcodeDistPipeline.W5m/Root 
2018-09-26 02:13:48 +0000  copying file ./Payload/MobileApp.app/_CodeSignature/CodeResources ... 
2018-09-26 02:13:48 +0000  20589 bytes for ./Payload/MobileApp.app/_CodeSignature/CodeResources
copying file ./Payload/MobileApp.app/LaunchImage-1100-Portrait-2436h@3x.png ... 
2018-09-26 02:13:48 +0000  2656083 bytes for ./Payload/MobileApp.app/LaunchImage-1100-Portrait-2436h@3x.png
copying file ./Payload/MobileApp.app/LaunchImage@2x.png ... 
2018-09-26 02:13:48 +0000  3933 bytes for ./Payload/MobileApp.app/LaunchImage@2x.png
copying file ./Payload/MobileApp.app/MobileApp ... 
2018-09-26 02:13:50 +0000  66255424 bytes for ./Payload/MobileApp.app/MobileApp
copying file ./Payload/MobileApp.app/LaunchImage-568h@2x.png ... 
2018-09-26 02:13:50 +0000  4617 bytes for ./Payload/MobileApp.app/LaunchImage-568h@2x.png
copying file ./Payload/MobileApp.app/AppIcon60x60@2x.png ... 
5599 bytes for ./Payload/MobileApp.app/AppIcon60x60@2x.png
copying file ./Payload/MobileApp.app/LaunchImage-1100-Landscape-2436h@3x.png ... 
2018-09-26 02:13:50 +0000  2763306 bytes for ./Payload/MobileApp.app/LaunchImage-1100-Landscape-2436h@3x.png
copying file ./Payload/MobileApp.app/LaunchImage-800-667h@2x.png ... 
2018-09-26 02:13:50 +0000  1394703 bytes for ./Payload/MobileApp.app/LaunchImage-800-667h@2x.png
copying file ./Payload/MobileApp.app/LaunchImage-Portrait@2x~ipad.png ... 
2018-09-26 02:13:50 +0000  15515 bytes for ./Payload/MobileApp.app/LaunchImage-Portrait@2x~ipad.png
copying file ./Payload/MobileApp.app/LaunchImage-Portrait~ipad.png ... 
4691 bytes for ./Payload/MobileApp.app/LaunchImage-Portrait~ipad.png
copying file ./Payload/MobileApp.app/AppIcon60x60@3x.png ... 
10153 bytes for ./Payload/MobileApp.app/AppIcon60x60@3x.png
copying file ./Payload/MobileApp.app/LaunchImage-Landscape~ipad.png ... 
4433 bytes for ./Payload/MobileApp.app/LaunchImage-Landscape~ipad.png
copying file ./Payload/MobileApp.app/LaunchImage-700-Portrait~ipad.png ... 
4691 bytes for ./Payload/MobileApp.app/LaunchImage-700-Portrait~ipad.png
copying file ./Payload/MobileApp.app/Assets.car ... 
2018-09-26 02:13:50 +0000  112488 bytes for ./Payload/MobileApp.app/Assets.car
copying file ./Payload/MobileApp.app/AppIcon76x76@2x~ipad.png ... 
2018-09-26 02:13:50 +0000  29476 bytes for ./Payload/MobileApp.app/AppIcon76x76@2x~ipad.png
copying file ./Payload/MobileApp.app/LaunchImage-800-Portrait-736h@3x.png ... 
2018-09-26 02:13:50 +0000  3184070 bytes for ./Payload/MobileApp.app/LaunchImage-800-Portrait-736h@3x.png
copying file ./Payload/MobileApp.app/LaunchImage-700@2x.png ... 
2018-09-26 02:13:50 +0000  3933 bytes for ./Payload/MobileApp.app/LaunchImage-700@2x.png
copying file ./Payload/MobileApp.app/AppIcon83.5x83.5@2x~ipad.png ... 
2018-09-26 02:13:50 +0000  36548 bytes for ./Payload/MobileApp.app/AppIcon83.5x83.5@2x~ipad.png
copying file ./Payload/MobileApp.app/LaunchImage-700-568h@2x.png ... 
2018-09-26 02:13:50 +0000  4617 bytes for ./Payload/MobileApp.app/LaunchImage-700-568h@2x.png
copying file ./Payload/MobileApp.app/LaunchImage-Landscape@2x~ipad.png ... 
2018-09-26 02:13:50 +0000  14943 bytes for ./Payload/MobileApp.app/LaunchImage-Landscape@2x~ipad.png
copying file ./Payload/MobileApp.app/LaunchImage-700-Landscape@2x~ipad.png ... 
14943 bytes for ./Payload/MobileApp.app/LaunchImage-700-Landscape@2x~ipad.png
copying file ./Payload/MobileApp.app/LaunchImage.png ... 
2018-09-26 02:13:50 +0000  246910 bytes for ./Payload/MobileApp.app/LaunchImage.png
copying file ./Payload/MobileApp.app/embedded.mobileprovision ... 
2018-09-26 02:13:50 +0000  8146 bytes for ./Payload/MobileApp.app/embedded.mobileprovision
2018-09-26 02:13:50 +0000  copying file ./Payload/MobileApp.app/Data/Managed/SymbolMap-32 ... 
2018-09-26 02:13:50 +0000  2270764 bytes for ./Payload/MobileApp.app/Data/Managed/SymbolMap-32
2018-09-26 02:13:50 +0000  copying file ./Payload/MobileApp.app/Data/Managed/Resources/Newtonsoft.Json.dll-resources.dat ... 
639 bytes for ./Payload/MobileApp.app/Data/Managed/Resources/Newtonsoft.Json.dll-resources.dat
copying file ./Payload/MobileApp.app/Data/Managed/Resources/mscorlib.dll-resources.dat ... 
2018-09-26 02:13:50 +0000  372023 bytes for ./Payload/MobileApp.app/Data/Managed/Resources/mscorlib.dll-resources.dat
copying file ./Payload/MobileApp.app/Data/Managed/Resources/System.dll-resources.dat ... 
2018-09-26 02:13:50 +0000  54703 bytes for ./Payload/MobileApp.app/Data/Managed/Resources/System.dll-resources.dat
2018-09-26 02:13:50 +0000  copying file ./Payload/MobileApp.app/Data/Managed/mono/2.0/machine.config ... 
2018-09-26 02:13:50 +0000  27625 bytes for ./Payload/MobileApp.app/Data/Managed/mono/2.0/machine.config
2018-09-26 02:13:50 +0000  copying file ./Payload/MobileApp.app/Data/Managed/mono/4.0/machine.config ... 
2018-09-26 02:13:50 +0000  33648 bytes for ./Payload/MobileApp.app/Data/Managed/mono/4.0/machine.config
2018-09-26 02:13:50 +0000  copying file ./Payload/MobileApp.app/Data/Managed/SymbolMap-64 ... 
2018-09-26 02:13:50 +0000  1765240 bytes for ./Payload/MobileApp.app/Data/Managed/SymbolMap-64
2018-09-26 02:13:50 +0000  copying file ./Payload/MobileApp.app/Data/Managed/Metadata/global-metadata.dat ... 
2018-09-26 02:13:51 +0000  8298488 bytes for ./Payload/MobileApp.app/Data/Managed/Metadata/global-metadata.dat
2018-09-26 02:13:51 +0000  copying file ./Payload/MobileApp.app/Data/globalgamemanagers ... 
2018-09-26 02:13:51 +0000  32896 bytes for ./Payload/MobileApp.app/Data/globalgamemanagers
2018-09-26 02:13:51 +0000  copying file ./Payload/MobileApp.app/Data/GI/level0/5f/5fe3887eb05f607c7e240829caf3c1a3.iws.neo ... 
2018-09-26 02:13:51 +0000  37480 bytes for ./Payload/MobileApp.app/Data/GI/level0/5f/5fe3887eb05f607c7e240829caf3c1a3.iws.neo
copying file ./Payload/MobileApp.app/Data/GI/level0/5f/5fe3887eb05f607c7e240829caf3c1a3.rgb ... 
2018-09-26 02:13:51 +0000  15824 bytes for ./Payload/MobileApp.app/Data/GI/level0/5f/5fe3887eb05f607c7e240829caf3c1a3.rgb
copying file ./Payload/MobileApp.app/Data/GI/level0/5f/5fe3887eb05f607c7e240829caf3c1a3.ecm ... 
2018-09-26 02:13:51 +0000  15784 bytes for ./Payload/MobileApp.app/Data/GI/level0/5f/5fe3887eb05f607c7e240829caf3c1a3.ecm
copying file ./Payload/MobileApp.app/Data/GI/level0/5f/5fe3887eb05f607c7e240829caf3c1a3.rsc.neo ... 
2018-09-26 02:13:51 +0000  310872 bytes for ./Payload/MobileApp.app/Data/GI/level0/5f/5fe3887eb05f607c7e240829caf3c1a3.rsc.neo
copying file ./Payload/MobileApp.app/Data/GI/level0/5f/5fe3887eb05f607c7e240829caf3c1a3.caw ... 
2018-09-26 02:13:51 +0000  10056 bytes for ./Payload/MobileApp.app/Data/GI/level0/5f/5fe3887eb05f607c7e240829caf3c1a3.caw
copying file ./Payload/MobileApp.app/Data/GI/level0/5f/5fe3887eb05f607c7e240829caf3c1a3.vis ... 
2018-09-26 02:13:51 +0000  14168 bytes for ./Payload/MobileApp.app/Data/GI/level0/5f/5fe3887eb05f607c7e240829caf3c1a3.vis
2018-09-26 02:13:51 +0000  copying file ./Payload/MobileApp.app/Data/GI/level0/19/196ade3b9e723fe25dfdd2c45e49caa1.rgb ... 
2018-09-26 02:13:51 +0000  8880 bytes for ./Payload/MobileApp.app/Data/GI/level0/19/196ade3b9e723fe25dfdd2c45e49caa1.rgb
copying file ./Payload/MobileApp.app/Data/GI/level0/19/196ade3b9e723fe25dfdd2c45e49caa1.rsc.neo ... 
2018-09-26 02:13:51 +0000  280248 bytes for ./Payload/MobileApp.app/Data/GI/level0/19/196ade3b9e723fe25dfdd2c45e49caa1.rsc.neo
copying file ./Payload/MobileApp.app/Data/GI/level0/19/196ade3b9e723fe25dfdd2c45e49caa1.vis ... 
2018-09-26 02:13:51 +0000  4646 bytes for ./Payload/MobileApp.app/Data/GI/level0/19/196ade3b9e723fe25dfdd2c45e49caa1.vis
copying file ./Payload/MobileApp.app/Data/GI/level0/19/196ade3b9e723fe25dfdd2c45e49caa1.caw ... 
2018-09-26 02:13:51 +0000  1696 bytes for ./Payload/MobileApp.app/Data/GI/level0/19/196ade3b9e723fe25dfdd2c45e49caa1.caw
copying file ./Payload/MobileApp.app/Data/GI/level0/19/196ade3b9e723fe25dfdd2c45e49caa1.ecm ... 
2018-09-26 02:13:51 +0000  8840 bytes for ./Payload/MobileApp.app/Data/GI/level0/19/196ade3b9e723fe25dfdd2c45e49caa1.ecm
copying file ./Payload/MobileApp.app/Data/GI/level0/19/196ade3b9e723fe25dfdd2c45e49caa1.iws.neo ... 
2018-09-26 02:13:51 +0000  3912 bytes for ./Payload/MobileApp.app/Data/GI/level0/19/196ade3b9e723fe25dfdd2c45e49caa1.iws.neo
copying file ./Payload/MobileApp.app/Data/boot.config ... 
55 bytes for ./Payload/MobileApp.app/Data/boot.config
copying file ./Payload/MobileApp.app/Data/resources.assets ... 
2018-09-26 02:13:51 +0000  4360 bytes for ./Payload/MobileApp.app/Data/resources.assets
copying file ./Payload/MobileApp.app/Data/Resources/unity_builtin_extra ... 
2018-09-26 02:13:51 +0000  754776 bytes for ./Payload/MobileApp.app/Data/Resources/unity_builtin_extra
copying file ./Payload/MobileApp.app/Data/unity default resources ... 
2018-09-26 02:13:51 +0000  6133660 bytes for ./Payload/MobileApp.app/Data/unity default resources
copying file ./Payload/MobileApp.app/Data/sharedassets0.assets.resS ... 
2018-09-26 02:13:53 +0000  74190352 bytes for ./Payload/MobileApp.app/Data/sharedassets0.assets.resS
copying file ./Payload/MobileApp.app/Data/sharedassets0.assets ... 
2018-09-26 02:13:53 +0000  7978076 bytes for ./Payload/MobileApp.app/Data/sharedassets0.assets
copying file ./Payload/MobileApp.app/Data/level0.resS ... 
2018-09-26 02:13:53 +0000  2971120 bytes for ./Payload/MobileApp.app/Data/level0.resS
copying file ./Payload/MobileApp.app/Data/level0 ... 
2018-09-26 02:13:53 +0000  385316 bytes for ./Payload/MobileApp.app/Data/level0
copying file ./Payload/MobileApp.app/Data/resources.assets.resS ... 
2018-09-26 02:13:53 +0000  140400 bytes for ./Payload/MobileApp.app/Data/resources.assets.resS
copying file ./Payload/MobileApp.app/Data/globalgamemanagers.assets ... 
2018-09-26 02:13:53 +0000  36468 bytes for ./Payload/MobileApp.app/Data/globalgamemanagers.assets
copying file ./Payload/MobileApp.app/LaunchImage-800-Landscape-736h@3x.png ... 
2018-09-26 02:13:53 +0000  3267213 bytes for ./Payload/MobileApp.app/LaunchImage-800-Landscape-736h@3x.png
copying file ./Payload/MobileApp.app/LaunchImage-700-Portrait@2x~ipad.png ... 
2018-09-26 02:13:53 +0000  15515 bytes for ./Payload/MobileApp.app/LaunchImage-700-Portrait@2x~ipad.png
copying file ./Payload/MobileApp.app/LaunchImage-700-Landscape~ipad.png ... 
4433 bytes for ./Payload/MobileApp.app/LaunchImage-700-Landscape~ipad.png
copying file ./Payload/MobileApp.app/Info.plist ... 
2374 bytes for ./Payload/MobileApp.app/Info.plist
copying file ./Payload/MobileApp.app/PkgInfo ... 
8 bytes for ./Payload/MobileApp.app/PkgInfo
copying file ./Payload/MobileApp.app/AppIcon76x76~ipad.png ... 
2018-09-26 02:13:53 +0000  10403 bytes for ./Payload/MobileApp.app/AppIcon76x76~ipad.png
2018-09-26 02:13:53 +0000  
2018-09-26 02:13:53 +0000  
2018-09-26 02:13:53 +0000  /usr/bin/ditto exited with 0
2018-09-26 02:13:53 +0000  2018-09-26 02:13:53 +0000  

2018-09-26 02:13:53 +0000  Processing step: IDEDistributionCreateManifestStep
